Arguments: 
  /Users/ryuse/.nvm/versions/node/v14.17.1/bin/node /opt/homebrew/Cellar/yarn/1.22.15/libexec/bin/yarn.js run build

PATH: 
  /Users/ryuse/miniforge3/condabin:/opt/homebrew/opt/openssl@1.1/bin:/opt/homebrew/opt/openssl@1.1/bin:/Users/ryuse/.nvm/versions/node/v14.17.1/bin:/Users/ryuse/.npm-global/bin:/usr/local/etc/php/7.4/sbin:/usr/local/etc/php/7.4/bin:/Users/ryuse/.rbenv/shims:/usr/local/Cellar/mysql/8.0.19/bin:/Users/ryuse/.composer/vendor/bin:/Users/ryuse/.rbenv/shims:/Users/ryuse/.pyenv/shims:/opt/homebrew/sbin:/opt/homebrew/bin:/usr/local/bin:/usr/local/sbin:/usr/bin:/bin:/usr/sbin:/sbin:/opt/homebrew/bin:/Library/TeX/texbin:/Library/Apple/usr/bin:/Applications/Wireshark.app/Contents/MacOS:/Users/ryuse/.cargo/bin:/Users/ryuse/development/flutter/bin

Yarn version: 
  1.22.15

Node version: 
  14.17.1

Platform: 
  darwin x64

Trace: 
  SyntaxError: /Users/ryuse/Desktop/College/Reserch/pages/package.json: Unexpected token } in JSON at position 131
      at JSON.parse (<anonymous>)
      at /opt/homebrew/Cellar/yarn/1.22.15/libexec/lib/cli.js:1625:59
      at Generator.next (<anonymous>)
      at step (/opt/homebrew/Cellar/yarn/1.22.15/libexec/lib/cli.js:310:30)
      at /opt/homebrew/Cellar/yarn/1.22.15/libexec/lib/cli.js:321:13

npm manifest: 
  {
    "name": "pages",
    "version": "1.0.0",
    "main": "index.js",
    "license": "MIT",
    "scripts": {
      "build": "./start.sh"
    },
  }

yarn manifest: 
  No manifest

Lockfile: 
  # THIS IS AN AUTOGENERATED FILE. DO NOT EDIT THIS FILE DIRECTLY.
  # yarn lockfile v1
